# JRE version: OpenJDK Runtime Environment (8.0_152-b08) (build 1.8.0_152-release-915-b08)
# Java VM: OpenJDK 64-Bit Server VM (25.152-b08 mixed mode bsd-amd64 compressed oops)
Heap:
 PSYoungGen      total 397312K, used 204645K [0x00000007a0000000, 0x00000007c0000000, 0x00000007c0000000)
  eden space 269824K, 75% used [0x00000007a0000000,0x00000007ac7c9788,0x00000007b0780000)
  from space 127488K, 0% used [0x00000007b8380000,0x00000007b8390000,0x00000007c0000000)
  to   space 126976K, 0% used [0x00000007b0780000,0x00000007b0780000,0x00000007b8380000)
 ParOldGen       total 624640K, used 192032K [0x0000000760000000, 0x0000000786200000, 0x00000007a0000000)
  object space 624640K, 30% used [0x0000000760000000,0x000000076bb88130,0x0000000786200000)
 Metaspace       used 179425K, capacity 190790K, committed 197976K, reserved 1222656K
  class space    used 21390K, capacity 23821K, committed 25216K, reserved 1048576K
GC Heap History (10 events):
Event: 4234.222 GC heap before
{Heap before GC invocations=198 (full 15):
 PSYoungGen      total 376320K, used 376246K [0x00000007a0000000, 0x00000007c0000000, 0x00000007c0000000)
  eden space 285696K, 99% used [0x00000007a0000000,0x00000007b16ee008,0x00000007b1700000)
  from space 90624K, 99% used [0x00000007ba780000,0x00000007bffff810,0x00000007c0000000)
  to   space 119296K, 0% used [0x00000007b1700000,0x00000007b1700000,0x00000007b8b80000)
 ParOldGen       total 1048576K, used 873626K [0x0000000760000000, 0x00000007a0000000, 0x00000007a0000000)
  object space 1048576K, 83% used [0x0000000760000000,0x0000000795526950,0x00000007a0000000)
 Metaspace       used 190061K, capacity 201766K, committed 202072K, reserved 1226752K
  class space    used 22699K, capacity 25193K, committed 25216K, reserved 1048576K
Event: 4234.740 GC heap after
Heap after GC invocations=198 (full 15):
 PSYoungGen      total 288768K, used 2830K [0x00000007a0000000, 0x00000007c0000000, 0x00000007c0000000)
  eden space 285696K, 0% used [0x00000007a0000000,0x00000007a0000000,0x00000007b1700000)
  from space 3072K, 92% used [0x00000007b1700000,0x00000007b19c3878,0x00000007b1a00000)
  to   space 123904K, 0% used [0x00000007b8700000,0x00000007b8700000,0x00000007c0000000)
 ParOldGen       total 1048576K, used 961302K [0x0000000760000000, 0x00000007a0000000, 0x00000007a0000000)
  object space 1048576K, 91% used [0x0000000760000000,0x000000079aac5bb0,0x00000007a0000000)
 Metaspace       used 190061K, capacity 201766K, committed 202072K, reserved 1226752K
  class space    used 22699K, capacity 25193K, committed 25216K, reserved 1048576K
}
Event: 4234.740 GC heap before
{Heap before GC invocations=199 (full 16):
 PSYoungGen      total 288768K, used 2830K [0x00000007a0000000, 0x00000007c0000000, 0x00000007c0000000)
  eden space 285696K, 0% used [0x00000007a0000000,0x00000007a0000000,0x00000007b1700000)
  from space 3072K, 92% used [0x00000007b1700000,0x00000007b19c3878,0x00000007b1a00000)
  to   space 123904K, 0% used [0x00000007b8700000,0x00000007b8700000,0x00000007c0000000)
 ParOldGen       total 1048576K, used 961302K [0x0000000760000000, 0x00000007a0000000, 0x00000007a0000000)
  object space 1048576K, 91% used [0x0000000760000000,0x000000079aac5bb0,0x00000007a0000000)
 Metaspace       used 190061K, capacity 201766K, committed 202072K, reserved 1226752K
  class space    used 22699K, capacity 25193K, committed 25216K, reserved 1048576K
Event: 4235.735 GC heap after
Heap after GC invocations=199 (full 16):
 PSYoungGen      total 288768K, used 0K [0x00000007a0000000, 0x00000007c0000000, 0x00000007c0000000)
  eden space 285696K, 0% used [0x00000007a0000000,0x00000007a0000000,0x00000007b1700000)
  from space 3072K, 0% used [0x00000007b1700000,0x00000007b1700000,0x00000007b1a00000)
  to   space 123904K, 0% used [0x00000007b8700000,0x00000007b8700000,0x00000007c0000000)
 ParOldGen       total 624640K, used 191992K [0x0000000760000000, 0x0000000786200000, 0x00000007a0000000)
  object space 624640K, 30% used [0x0000000760000000,0x000000076bb7e130,0x0000000786200000)
 Metaspace       used 179380K, capacity 190670K, committed 197976K, reserved 1222656K
  class space    used 21379K, capacity 23781K, committed 25216K, reserved 1048576K
}
Event: 4235.784 GC heap before
{Heap before GC invocations=200 (full 16):
 PSYoungGen      total 288768K, used 285077K [0x00000007a0000000, 0x00000007c0000000, 0x00000007c0000000)
  eden space 285696K, 99% used [0x00000007a0000000,0x00000007b1665578,0x00000007b1700000)
  from space 3072K, 0% used [0x00000007b1700000,0x00000007b1700000,0x00000007b1a00000)
  to   space 123904K, 0% used [0x00000007b8700000,0x00000007b8700000,0x00000007c0000000)
 ParOldGen       total 624640K, used 191992K [0x0000000760000000, 0x0000000786200000, 0x00000007a0000000)
  object space 624640K, 30% used [0x0000000760000000,0x000000076bb7e130,0x0000000786200000)
 Metaspace       used 179380K, capacity 190670K, committed 197976K, reserved 1222656K
  class space    used 21379K, capacity 23781K, committed 25216K, reserved 1048576K
Event: 4235.794 GC heap after
Heap after GC invocations=200 (full 16):
 PSYoungGen      total 395264K, used 32K [0x00000007a0000000, 0x00000007c0000000, 0x00000007c0000000)
  eden space 271360K, 0% used [0x00000007a0000000,0x00000007a0000000,0x00000007b0900000)
  from space 123904K, 0% used [0x00000007b8700000,0x00000007b8708000,0x00000007c0000000)
  to   space 126464K, 0% used [0x00000007b0900000,0x00000007b0900000,0x00000007b8480000)
 ParOldGen       total 624640K, used 191992K [0x0000000760000000, 0x0000000786200000, 0x00000007a0000000)
  object space 624640K, 30% used [0x0000000760000000,0x000000076bb7e130,0x0000000786200000)
 Metaspace       used 179380K, capacity 190670K, committed 197976K, reserved 1222656K
  class space    used 21379K, capacity 23781K, committed 25216K, reserved 1048576K
}
Event: 4235.840 GC heap before
{Heap before GC invocations=201 (full 16):
 PSYoungGen      total 395264K, used 271197K [0x00000007a0000000, 0x00000007c0000000, 0x00000007c0000000)
  eden space 271360K, 99% used [0x00000007a0000000,0x00000007b08cf4e0,0x00000007b0900000)
  from space 123904K, 0% used [0x00000007b8700000,0x00000007b8708000,0x00000007c0000000)
  to   space 126464K, 0% used [0x00000007b0900000,0x00000007b0900000,0x00000007b8480000)
 ParOldGen       total 624640K, used 191992K [0x0000000760000000, 0x0000000786200000, 0x00000007a0000000)
  object space 624640K, 30% used [0x0000000760000000,0x000000076bb7e130,0x0000000786200000)
 Metaspace       used 179380K, capacity 190670K, committed 197976K, reserved 1222656K
  class space    used 21379K, capacity 23781K, committed 25216K, reserved 1048576K
Event: 4235.846 GC heap after
Heap after GC invocations=201 (full 16):
 PSYoungGen      total 271872K, used 64K [0x00000007a0000000, 0x00000007c0000000, 0x00000007c0000000)
  eden space 271360K, 0% used [0x00000007a0000000,0x00000007a0000000,0x00000007b0900000)
  from space 512K, 12% used [0x00000007b0900000,0x00000007b0910000,0x00000007b0980000)
  to   space 127488K, 0% used [0x00000007b8380000,0x00000007b8380000,0x00000007c0000000)
 ParOldGen       total 624640K, used 192016K [0x0000000760000000, 0x0000000786200000, 0x00000007a0000000)
  object space 624640K, 30% used [0x0000000760000000,0x000000076bb84130,0x0000000786200000)
 Metaspace       used 179380K, capacity 190670K, committed 197976K, reserved 1222656K
  class space    used 21379K, capacity 23781K, committed 25216K, reserved 1048576K
}
Event: 4235.892 GC heap before
{Heap before GC invocations=202 (full 16):
 PSYoungGen      total 271872K, used 270735K [0x00000007a0000000, 0x00000007c0000000, 0x00000007c0000000)
  eden space 271360K, 99% used [0x00000007a0000000,0x00000007b0853e30,0x00000007b0900000)
  from space 512K, 12% used [0x00000007b0900000,0x00000007b0910000,0x00000007b0980000)
  to   space 127488K, 0% used [0x00000007b8380000,0x00000007b8380000,0x00000007c0000000)
 ParOldGen       total 624640K, used 192016K [0x0000000760000000, 0x0000000786200000, 0x00000007a0000000)
  object space 624640K, 30% used [0x0000000760000000,0x000000076bb84130,0x0000000786200000)
 Metaspace       used 179380K, capacity 190670K, committed 197976K, reserved 1222656K
  class space    used 21379K, capacity 23781K, committed 25216K, reserved 1048576K
Event: 4235.899 GC heap after
Heap after GC invocations=202 (full 16):
 PSYoungGen      total 397312K, used 64K [0x00000007a0000000, 0x00000007c0000000, 0x00000007c0000000)
  eden space 269824K, 0% used [0x00000007a0000000,0x00000007a0000000,0x00000007b0780000)
  from space 127488K, 0% used [0x00000007b8380000,0x00000007b8390000,0x00000007c0000000)
  to   space 126976K, 0% used [0x00000007b0780000,0x00000007b0780000,0x00000007b8380000)
 ParOldGen       total 624640K, used 192032K [0x0000000760000000, 0x0000000786200000, 0x00000007a0000000)
  object space 624640K, 30% used [0x0000000760000000,0x000000076bb88130,0x0000000786200000)
 Metaspace       used 179380K, capacity 190670K, committed 197976K, reserved 1222656K
  class space    used 21379K, capacity 23781K, committed 25216K, reserved 1048576K
}

