# JRE version: OpenJDK Runtime Environment (8.0_152-b08) (build 1.8.0_152-release-915-b08)
# Java VM: OpenJDK 64-Bit Server VM (25.152-b08 mixed mode bsd-amd64 compressed oops)
Heap:
 PSYoungGen      total 403456K, used 137625K [0x00000007a0000000, 0x00000007bf000000, 0x00000007c0000000)
  eden space 317440K, 33% used [0x00000007a0000000,0x00000007a682a460,0x00000007b3600000)
  from space 86016K, 35% used [0x00000007b9c00000,0x00000007bba3c2a0,0x00000007bf000000)
  to   space 95232K, 0% used [0x00000007b3600000,0x00000007b3600000,0x00000007b9300000)
 ParOldGen       total 530432K, used 415029K [0x0000000760000000, 0x0000000780600000, 0x00000007a0000000)
  object space 530432K, 78% used [0x0000000760000000,0x000000077954d510,0x0000000780600000)
 Metaspace       used 178703K, capacity 190816K, committed 191448K, reserved 1216512K
  class space    used 22086K, capacity 24861K, committed 25304K, reserved 1048576K
GC Heap History (10 events):
Event: 3248.998 GC heap before
{Heap before GC invocations=79 (full 9):
 PSYoungGen      total 436224K, used 357416K [0x00000007a0000000, 0x00000007bfc80000, 0x00000007c0000000)
  eden space 350720K, 100% used [0x00000007a0000000,0x00000007b5680000,0x00000007b5680000)
  from space 85504K, 7% used [0x00000007b5680000,0x00000007b5d0a2c0,0x00000007baa00000)
  to   space 83968K, 0% used [0x00000007baa80000,0x00000007baa80000,0x00000007bfc80000)
 ParOldGen       total 530432K, used 401122K [0x0000000760000000, 0x0000000780600000, 0x00000007a0000000)
  object space 530432K, 75% used [0x0000000760000000,0x00000007787b89a8,0x0000000780600000)
 Metaspace       used 154186K, capacity 165668K, committed 174424K, reserved 1198080K
  class space    used 19078K, capacity 21685K, committed 24920K, reserved 1048576K
Event: 3249.019 GC heap after
Heap after GC invocations=79 (full 9):
 PSYoungGen      total 434688K, used 9560K [0x00000007a0000000, 0x00000007bf880000, 0x00000007c0000000)
  eden space 354816K, 0% used [0x00000007a0000000,0x00000007a0000000,0x00000007b5a80000)
  from space 79872K, 11% used [0x00000007baa80000,0x00000007bb3d6278,0x00000007bf880000)
  to   space 80896K, 0% used [0x00000007b5a80000,0x00000007b5a80000,0x00000007ba980000)
 ParOldGen       total 530432K, used 401850K [0x0000000760000000, 0x0000000780600000, 0x00000007a0000000)
  object space 530432K, 75% used [0x0000000760000000,0x000000077886e9f8,0x0000000780600000)
 Metaspace       used 154186K, capacity 165668K, committed 174424K, reserved 1198080K
  class space    used 19078K, capacity 21685K, committed 24920K, reserved 1048576K
}
Event: 3259.451 GC heap before
{Heap before GC invocations=80 (full 9):
 PSYoungGen      total 434688K, used 364376K [0x00000007a0000000, 0x00000007bf880000, 0x00000007c0000000)
  eden space 354816K, 100% used [0x00000007a0000000,0x00000007b5a80000,0x00000007b5a80000)
  from space 79872K, 11% used [0x00000007baa80000,0x00000007bb3d6278,0x00000007bf880000)
  to   space 80896K, 0% used [0x00000007b5a80000,0x00000007b5a80000,0x00000007ba980000)
 ParOldGen       total 530432K, used 401850K [0x0000000760000000, 0x0000000780600000, 0x00000007a0000000)
  object space 530432K, 75% used [0x0000000760000000,0x000000077886e9f8,0x0000000780600000)
 Metaspace       used 154611K, capacity 166128K, committed 174424K, reserved 1198080K
  class space    used 19126K, capacity 21757K, committed 24920K, reserved 1048576K
Event: 3259.555 GC heap after
Heap after GC invocations=80 (full 9):
 PSYoungGen      total 420352K, used 65425K [0x00000007a0000000, 0x00000007c0000000, 0x00000007c0000000)
  eden space 354816K, 0% used [0x00000007a0000000,0x00000007a0000000,0x00000007b5a80000)
  from space 65536K, 99% used [0x00000007b5a80000,0x00000007b9a646a8,0x00000007b9a80000)
  to   space 90624K, 0% used [0x00000007ba780000,0x00000007ba780000,0x00000007c0000000)
 ParOldGen       total 530432K, used 401850K [0x0000000760000000, 0x0000000780600000, 0x00000007a0000000)
  object space 530432K, 75% used [0x0000000760000000,0x000000077886e9f8,0x0000000780600000)
 Metaspace       used 154611K, capacity 166128K, committed 174424K, reserved 1198080K
  class space    used 19126K, capacity 21757K, committed 24920K, reserved 1048576K
}
Event: 3263.308 GC heap before
{Heap before GC invocations=81 (full 9):
 PSYoungGen      total 420352K, used 420241K [0x00000007a0000000, 0x00000007c0000000, 0x00000007c0000000)
  eden space 354816K, 100% used [0x00000007a0000000,0x00000007b5a80000,0x00000007b5a80000)
  from space 65536K, 99% used [0x00000007b5a80000,0x00000007b9a646a8,0x00000007b9a80000)
  to   space 90624K, 0% used [0x00000007ba780000,0x00000007ba780000,0x00000007c0000000)
 ParOldGen       total 530432K, used 401850K [0x0000000760000000, 0x0000000780600000, 0x00000007a0000000)
  object space 530432K, 75% used [0x0000000760000000,0x000000077886e9f8,0x0000000780600000)
 Metaspace       used 164491K, capacity 176250K, committed 178520K, reserved 1202176K
  class space    used 20362K, capacity 23038K, committed 25176K, reserved 1048576K
Event: 3263.417 GC heap after
Heap after GC invocations=81 (full 9):
 PSYoungGen      total 406016K, used 82875K [0x00000007a0000000, 0x00000007c0000000, 0x00000007c0000000)
  eden space 315392K, 0% used [0x00000007a0000000,0x00000007a0000000,0x00000007b3400000)
  from space 90624K, 91% used [0x00000007ba780000,0x00000007bf86ef50,0x00000007c0000000)
  to   space 104448K, 0% used [0x00000007b3400000,0x00000007b3400000,0x00000007b9a00000)
 ParOldGen       total 530432K, used 401850K [0x0000000760000000, 0x0000000780600000, 0x00000007a0000000)
  object space 530432K, 75% used [0x0000000760000000,0x000000077886e9f8,0x0000000780600000)
 Metaspace       used 164491K, capacity 176250K, committed 178520K, reserved 1202176K
  class space    used 20362K, capacity 23038K, committed 25176K, reserved 1048576K
}
Event: 3266.128 GC heap before
{Heap before GC invocations=82 (full 9):
 PSYoungGen      total 406016K, used 398267K [0x00000007a0000000, 0x00000007c0000000, 0x00000007c0000000)
  eden space 315392K, 100% used [0x00000007a0000000,0x00000007b3400000,0x00000007b3400000)
  from space 90624K, 91% used [0x00000007ba780000,0x00000007bf86ef50,0x00000007c0000000)
  to   space 104448K, 0% used [0x00000007b3400000,0x00000007b3400000,0x00000007b9a00000)
 ParOldGen       total 530432K, used 401850K [0x0000000760000000, 0x0000000780600000, 0x00000007a0000000)
  object space 530432K, 75% used [0x0000000760000000,0x000000077886e9f8,0x0000000780600000)
 Metaspace       used 164834K, capacity 176708K, committed 179032K, reserved 1204224K
  class space    used 20387K, capacity 23077K, committed 25176K, reserved 1048576K
Event: 3266.159 GC heap after
Heap after GC invocations=82 (full 9):
 PSYoungGen      total 419840K, used 4650K [0x00000007a0000000, 0x00000007c0000000, 0x00000007c0000000)
  eden space 315392K, 0% used [0x00000007a0000000,0x00000007a0000000,0x00000007b3400000)
  from space 104448K, 4% used [0x00000007b3400000,0x00000007b388aae0,0x00000007b9a00000)
  to   space 102400K, 0% used [0x00000007b9c00000,0x00000007b9c00000,0x00000007c0000000)
 ParOldGen       total 530432K, used 411477K [0x0000000760000000, 0x0000000780600000, 0x00000007a0000000)
  object space 530432K, 77% used [0x0000000760000000,0x00000007791d57d0,0x0000000780600000)
 Metaspace       used 164834K, capacity 176708K, committed 179032K, reserved 1204224K
  class space    used 20387K, capacity 23077K, committed 25176K, reserved 1048576K
}
Event: 3271.491 GC heap before
{Heap before GC invocations=83 (full 9):
 PSYoungGen      total 419840K, used 313811K [0x00000007a0000000, 0x00000007c0000000, 0x00000007c0000000)
  eden space 315392K, 98% used [0x00000007a0000000,0x00000007b2dea1d8,0x00000007b3400000)
  from space 104448K, 4% used [0x00000007b3400000,0x00000007b388aae0,0x00000007b9a00000)
  to   space 102400K, 0% used [0x00000007b9c00000,0x00000007b9c00000,0x00000007c0000000)
 ParOldGen       total 530432K, used 411477K [0x0000000760000000, 0x0000000780600000, 0x00000007a0000000)
  object space 530432K, 77% used [0x0000000760000000,0x00000007791d57d0,0x0000000780600000)
 Metaspace       used 178296K, capacity 190428K, committed 191064K, reserved 1214464K
  class space    used 22060K, capacity 24823K, committed 25176K, reserved 1048576K
Event: 3271.533 GC heap after
Heap after GC invocations=83 (full 9):
 PSYoungGen      total 403456K, used 30960K [0x00000007a0000000, 0x00000007bf000000, 0x00000007c0000000)
  eden space 317440K, 0% used [0x00000007a0000000,0x00000007a0000000,0x00000007b3600000)
  from space 86016K, 35% used [0x00000007b9c00000,0x00000007bba3c2a0,0x00000007bf000000)
  to   space 95232K, 0% used [0x00000007b3600000,0x00000007b3600000,0x00000007b9300000)
 ParOldGen       total 530432K, used 415029K [0x0000000760000000, 0x0000000780600000, 0x00000007a0000000)
  object space 530432K, 78% used [0x0000000760000000,0x000000077954d510,0x0000000780600000)
 Metaspace       used 178296K, capacity 190428K, committed 191064K, reserved 1214464K
  class space    used 22060K, capacity 24823K, committed 25176K, reserved 1048576K
}

