# JRE version: OpenJDK Runtime Environment (8.0_152-b08) (build 1.8.0_152-release-915-b08)
# Java VM: OpenJDK 64-Bit Server VM (25.152-b08 mixed mode bsd-amd64 compressed oops)
Heap:
 PSYoungGen      total 322048K, used 225493K [0x00000007a0000000, 0x00000007b8180000, 0x00000007c0000000)
  eden space 294912K, 75% used [0x00000007a0000000,0x00000007ad975480,0x00000007b2000000)
  from space 27136K, 10% used [0x00000007b2000000,0x00000007b22c0000,0x00000007b3a80000)
  to   space 27648K, 0% used [0x00000007b6680000,0x00000007b6680000,0x00000007b8180000)
 ParOldGen       total 162816K, used 51173K [0x0000000760000000, 0x0000000769f00000, 0x00000007a0000000)
  object space 162816K, 31% used [0x0000000760000000,0x00000007631f9448,0x0000000769f00000)
 Metaspace       used 93683K, capacity 101646K, committed 101848K, reserved 1138688K
  class space    used 11777K, capacity 13554K, committed 13568K, reserved 1048576K
GC Heap History (10 events):
Event: 6280.318 GC heap before
{Heap before GC invocations=39 (full 4):
 PSYoungGen      total 358912K, used 332541K [0x00000007a0000000, 0x00000007b9980000, 0x00000007c0000000)
  eden space 329216K, 100% used [0x00000007a0000000,0x00000007b4180000,0x00000007b4180000)
  from space 29696K, 11% used [0x00000007b5e80000,0x00000007b61bf488,0x00000007b7b80000)
  to   space 29696K, 0% used [0x00000007b4180000,0x00000007b4180000,0x00000007b5e80000)
 ParOldGen       total 162816K, used 49786K [0x0000000760000000, 0x0000000769f00000, 0x00000007a0000000)
  object space 162816K, 30% used [0x0000000760000000,0x000000076309e958,0x0000000769f00000)
 Metaspace       used 90973K, capacity 97706K, committed 98792K, reserved 1134592K
  class space    used 11320K, capacity 12810K, committed 13184K, reserved 1048576K
Event: 6280.346 GC heap after
Heap after GC invocations=39 (full 4):
 PSYoungGen      total 325120K, used 7750K [0x00000007a0000000, 0x00000007b6c80000, 0x00000007c0000000)
  eden space 316928K, 0% used [0x00000007a0000000,0x00000007a0000000,0x00000007b3580000)
  from space 8192K, 94% used [0x00000007b4180000,0x00000007b4911928,0x00000007b4980000)
  to   space 28160K, 0% used [0x00000007b5100000,0x00000007b5100000,0x00000007b6c80000)
 ParOldGen       total 162816K, used 49794K [0x0000000760000000, 0x0000000769f00000, 0x00000007a0000000)
  object space 162816K, 30% used [0x0000000760000000,0x00000007630a0958,0x0000000769f00000)
 Metaspace       used 90973K, capacity 97706K, committed 98792K, reserved 1134592K
  class space    used 11320K, capacity 12810K, committed 13184K, reserved 1048576K
}
Event: 6669.923 GC heap before
{Heap before GC invocations=40 (full 4):
 PSYoungGen      total 325120K, used 324495K [0x00000007a0000000, 0x00000007b6c80000, 0x00000007c0000000)
  eden space 316928K, 99% used [0x00000007a0000000,0x00000007b3552498,0x00000007b3580000)
  from space 8192K, 94% used [0x00000007b4180000,0x00000007b4911928,0x00000007b4980000)
  to   space 28160K, 0% used [0x00000007b5100000,0x00000007b5100000,0x00000007b6c80000)
 ParOldGen       total 162816K, used 49794K [0x0000000760000000, 0x0000000769f00000, 0x00000007a0000000)
  object space 162816K, 30% used [0x0000000760000000,0x00000007630a0958,0x0000000769f00000)
 Metaspace       used 91618K, capacity 98654K, committed 99176K, reserved 1134592K
  class space    used 11391K, capacity 12946K, committed 13312K, reserved 1048576K
Event: 6669.983 GC heap after
Heap after GC invocations=40 (full 4):
 PSYoungGen      total 322560K, used 16240K [0x00000007a0000000, 0x00000007b6200000, 0x00000007c0000000)
  eden space 305152K, 0% used [0x00000007a0000000,0x00000007a0000000,0x00000007b2a00000)
  from space 17408K, 93% used [0x00000007b5100000,0x00000007b60dc0e0,0x00000007b6200000)
  to   space 28672K, 0% used [0x00000007b2a00000,0x00000007b2a00000,0x00000007b4600000)
 ParOldGen       total 162816K, used 49802K [0x0000000760000000, 0x0000000769f00000, 0x00000007a0000000)
  object space 162816K, 30% used [0x0000000760000000,0x00000007630a2958,0x0000000769f00000)
 Metaspace       used 91618K, capacity 98654K, committed 99176K, reserved 1134592K
  class space    used 11391K, capacity 12946K, committed 13312K, reserved 1048576K
}
Event: 6676.734 GC heap before
{Heap before GC invocations=41 (full 4):
 PSYoungGen      total 322560K, used 321392K [0x00000007a0000000, 0x00000007b6200000, 0x00000007c0000000)
  eden space 305152K, 100% used [0x00000007a0000000,0x00000007b2a00000,0x00000007b2a00000)
  from space 17408K, 93% used [0x00000007b5100000,0x00000007b60dc0e0,0x00000007b6200000)
  to   space 28672K, 0% used [0x00000007b2a00000,0x00000007b2a00000,0x00000007b4600000)
 ParOldGen       total 162816K, used 49802K [0x0000000760000000, 0x0000000769f00000, 0x00000007a0000000)
  object space 162816K, 30% used [0x0000000760000000,0x00000007630a2958,0x0000000769f00000)
 Metaspace       used 92135K, capacity 99360K, committed 99800K, reserved 1136640K
  class space    used 11460K, capacity 13017K, committed 13312K, reserved 1048576K
Event: 6676.756 GC heap after
Heap after GC invocations=41 (full 4):
 PSYoungGen      total 309248K, used 15105K [0x00000007a0000000, 0x00000007b5600000, 0x00000007c0000000)
  eden space 293888K, 0% used [0x00000007a0000000,0x00000007a0000000,0x00000007b1f00000)
  from space 15360K, 98% used [0x00000007b2a00000,0x00000007b38c0410,0x00000007b3900000)
  to   space 28160K, 0% used [0x00000007b3a80000,0x00000007b3a80000,0x00000007b5600000)
 ParOldGen       total 162816K, used 49810K [0x0000000760000000, 0x0000000769f00000, 0x00000007a0000000)
  object space 162816K, 30% used [0x0000000760000000,0x00000007630a4958,0x0000000769f00000)
 Metaspace       used 92135K, capacity 99360K, committed 99800K, reserved 1136640K
  class space    used 11460K, capacity 13017K, committed 13312K, reserved 1048576K
}
Event: 6677.493 GC heap before
{Heap before GC invocations=42 (full 4):
 PSYoungGen      total 309248K, used 308655K [0x00000007a0000000, 0x00000007b5600000, 0x00000007c0000000)
  eden space 293888K, 99% used [0x00000007a0000000,0x00000007b1eabb20,0x00000007b1f00000)
  from space 15360K, 98% used [0x00000007b2a00000,0x00000007b38c0410,0x00000007b3900000)
  to   space 28160K, 0% used [0x00000007b3a80000,0x00000007b3a80000,0x00000007b5600000)
 ParOldGen       total 162816K, used 49810K [0x0000000760000000, 0x0000000769f00000, 0x00000007a0000000)
  object space 162816K, 30% used [0x0000000760000000,0x00000007630a4958,0x0000000769f00000)
 Metaspace       used 92181K, capacity 99418K, committed 99800K, reserved 1136640K
  class space    used 11464K, capacity 13024K, committed 13312K, reserved 1048576K
Event: 6677.520 GC heap after
Heap after GC invocations=42 (full 4):
 PSYoungGen      total 323072K, used 13629K [0x00000007a0000000, 0x00000007b8400000, 0x00000007c0000000)
  eden space 294912K, 0% used [0x00000007a0000000,0x00000007a0000000,0x00000007b2000000)
  from space 28160K, 48% used [0x00000007b3a80000,0x00000007b47cf758,0x00000007b5600000)
  to   space 27136K, 0% used [0x00000007b2000000,0x00000007b2000000,0x00000007b3a80000)
 ParOldGen       total 162816K, used 49810K [0x0000000760000000, 0x0000000769f00000, 0x00000007a0000000)
  object space 162816K, 30% used [0x0000000760000000,0x00000007630a4958,0x0000000769f00000)
 Metaspace       used 92181K, capacity 99418K, committed 99800K, reserved 1136640K
  class space    used 11464K, capacity 13024K, committed 13312K, reserved 1048576K
}
Event: 9816.423 GC heap before
{Heap before GC invocations=43 (full 4):
 PSYoungGen      total 323072K, used 308541K [0x00000007a0000000, 0x00000007b8400000, 0x00000007c0000000)
  eden space 294912K, 100% used [0x00000007a0000000,0x00000007b2000000,0x00000007b2000000)
  from space 28160K, 48% used [0x00000007b3a80000,0x00000007b47cf758,0x00000007b5600000)
  to   space 27136K, 0% used [0x00000007b2000000,0x00000007b2000000,0x00000007b3a80000)
 ParOldGen       total 162816K, used 49810K [0x0000000760000000, 0x0000000769f00000, 0x00000007a0000000)
  object space 162816K, 30% used [0x0000000760000000,0x00000007630a4958,0x0000000769f00000)
 Metaspace       used 92329K, capacity 99630K, committed 100056K, reserved 1136640K
  class space    used 11492K, capacity 13106K, committed 13312K, reserved 1048576K
Event: 9816.485 GC heap after
Heap after GC invocations=43 (full 4):
 PSYoungGen      total 322048K, used 2816K [0x00000007a0000000, 0x00000007b8180000, 0x00000007c0000000)
  eden space 294912K, 0% used [0x00000007a0000000,0x00000007a0000000,0x00000007b2000000)
  from space 27136K, 10% used [0x00000007b2000000,0x00000007b22c0000,0x00000007b3a80000)
  to   space 27648K, 0% used [0x00000007b6680000,0x00000007b6680000,0x00000007b8180000)
 ParOldGen       total 162816K, used 51173K [0x0000000760000000, 0x0000000769f00000, 0x00000007a0000000)
  object space 162816K, 31% used [0x0000000760000000,0x00000007631f9448,0x0000000769f00000)
 Metaspace       used 92329K, capacity 99630K, committed 100056K, reserved 1136640K
  class space    used 11492K, capacity 13106K, committed 13312K, reserved 1048576K
}

