# JRE version: OpenJDK Runtime Environment (8.0_152-b08) (build 1.8.0_152-release-915-b08)
# Java VM: OpenJDK 64-Bit Server VM (25.152-b08 mixed mode bsd-amd64 compressed oops)
Heap:
 PSYoungGen      total 420352K, used 30383K [0x00000007a0000000, 0x00000007c0000000, 0x00000007c0000000)
  eden space 316416K, 5% used [0x00000007a0000000,0x00000007a121f388,0x00000007b3500000)
  from space 103936K, 11% used [0x00000007b3500000,0x00000007b408cc50,0x00000007b9a80000)
  to   space 100352K, 0% used [0x00000007b9e00000,0x00000007b9e00000,0x00000007c0000000)
 ParOldGen       total 483328K, used 264009K [0x0000000760000000, 0x000000077d800000, 0x00000007a0000000)
  object space 483328K, 54% used [0x0000000760000000,0x00000007701d2540,0x000000077d800000)
 Metaspace       used 130413K, capacity 140448K, committed 162520K, reserved 1191936K
  class space    used 16025K, capacity 18280K, committed 20992K, reserved 1048576K
GC Heap History (10 events):
Event: 23299.513 GC heap before
{Heap before GC invocations=213 (full 21):
 PSYoungGen      total 360448K, used 360000K [0x00000007a0000000, 0x00000007bf980000, 0x00000007c0000000)
  eden space 325632K, 100% used [0x00000007a0000000,0x00000007b3e00000,0x00000007b3e00000)
  from space 34816K, 98% used [0x00000007b3e00000,0x00000007b5f90010,0x00000007b6000000)
  to   space 93696K, 0% used [0x00000007b9e00000,0x00000007b9e00000,0x00000007bf980000)
 ParOldGen       total 458752K, used 333945K [0x0000000760000000, 0x000000077c000000, 0x00000007a0000000)
  object space 458752K, 72% used [0x0000000760000000,0x000000077461e4d0,0x000000077c000000)
 Metaspace       used 150198K, capacity 160662K, committed 161112K, reserved 1189888K
  class space    used 18422K, capacity 20764K, committed 20864K, reserved 1048576K
Event: 23299.674 GC heap after
Heap after GC invocations=213 (full 21):
 PSYoungGen      total 428544K, used 23530K [0x00000007a0000000, 0x00000007c0000000, 0x00000007c0000000)
  eden space 334848K, 0% used [0x00000007a0000000,0x00000007a0000000,0x00000007b4700000)
  from space 93696K, 25% used [0x00000007b9e00000,0x00000007bb4fab90,0x00000007bf980000)
  to   space 89088K, 0% used [0x00000007b4700000,0x00000007b4700000,0x00000007b9e00000)
 ParOldGen       total 458752K, used 367841K [0x0000000760000000, 0x000000077c000000, 0x00000007a0000000)
  object space 458752K, 80% used [0x0000000760000000,0x00000007767384d0,0x000000077c000000)
 Metaspace       used 150198K, capacity 160662K, committed 161112K, reserved 1189888K
  class space    used 18422K, capacity 20764K, committed 20864K, reserved 1048576K
}
Event: 23302.210 GC heap before
{Heap before GC invocations=214 (full 21):
 PSYoungGen      total 428544K, used 358378K [0x00000007a0000000, 0x00000007c0000000, 0x00000007c0000000)
  eden space 334848K, 100% used [0x00000007a0000000,0x00000007b4700000,0x00000007b4700000)
  from space 93696K, 25% used [0x00000007b9e00000,0x00000007bb4fab90,0x00000007bf980000)
  to   space 89088K, 0% used [0x00000007b4700000,0x00000007b4700000,0x00000007b9e00000)
 ParOldGen       total 458752K, used 367841K [0x0000000760000000, 0x000000077c000000, 0x00000007a0000000)
  object space 458752K, 80% used [0x0000000760000000,0x00000007767384d0,0x000000077c000000)
 Metaspace       used 151687K, capacity 162314K, committed 162520K, reserved 1191936K
  class space    used 18598K, capacity 20972K, committed 20992K, reserved 1048576K
Event: 23302.272 GC heap after
Heap after GC invocations=214 (full 21):
 PSYoungGen      total 423936K, used 1412K [0x00000007a0000000, 0x00000007bf980000, 0x00000007c0000000)
  eden space 334848K, 0% used [0x00000007a0000000,0x00000007a0000000,0x00000007b4700000)
  from space 89088K, 1% used [0x00000007b4700000,0x00000007b4861048,0x00000007b9e00000)
  to   space 88064K, 0% used [0x00000007ba380000,0x00000007ba380000,0x00000007bf980000)
 ParOldGen       total 458752K, used 382894K [0x0000000760000000, 0x000000077c000000, 0x00000007a0000000)
  object space 458752K, 83% used [0x0000000760000000,0x00000007775eb800,0x000000077c000000)
 Metaspace       used 151687K, capacity 162314K, committed 162520K, reserved 1191936K
  class space    used 18598K, capacity 20972K, committed 20992K, reserved 1048576K
}
Event: 23302.272 GC heap before
{Heap before GC invocations=215 (full 22):
 PSYoungGen      total 423936K, used 1412K [0x00000007a0000000, 0x00000007bf980000, 0x00000007c0000000)
  eden space 334848K, 0% used [0x00000007a0000000,0x00000007a0000000,0x00000007b4700000)
  from space 89088K, 1% used [0x00000007b4700000,0x00000007b4861048,0x00000007b9e00000)
  to   space 88064K, 0% used [0x00000007ba380000,0x00000007ba380000,0x00000007bf980000)
 ParOldGen       total 458752K, used 382894K [0x0000000760000000, 0x000000077c000000, 0x00000007a0000000)
  object space 458752K, 83% used [0x0000000760000000,0x00000007775eb800,0x000000077c000000)
 Metaspace       used 151687K, capacity 162314K, committed 162520K, reserved 1191936K
  class space    used 18598K, capacity 20972K, committed 20992K, reserved 1048576K
Event: 23303.543 GC heap after
Heap after GC invocations=215 (full 22):
 PSYoungGen      total 423936K, used 0K [0x00000007a0000000, 0x00000007bf980000, 0x00000007c0000000)
  eden space 334848K, 0% used [0x00000007a0000000,0x00000007a0000000,0x00000007b4700000)
  from space 89088K, 0% used [0x00000007b4700000,0x00000007b4700000,0x00000007b9e00000)
  to   space 88064K, 0% used [0x00000007ba380000,0x00000007ba380000,0x00000007bf980000)
 ParOldGen       total 483328K, used 185799K [0x0000000760000000, 0x000000077d800000, 0x00000007a0000000)
  object space 483328K, 38% used [0x0000000760000000,0x000000076b571cc0,0x000000077d800000)
 Metaspace       used 130106K, capacity 140006K, committed 162520K, reserved 1191936K
  class space    used 15985K, capacity 18198K, committed 20992K, reserved 1048576K
}
Event: 23305.521 GC heap before
{Heap before GC invocations=216 (full 22):
 PSYoungGen      total 423936K, used 334848K [0x00000007a0000000, 0x00000007bf980000, 0x00000007c0000000)
  eden space 334848K, 100% used [0x00000007a0000000,0x00000007b4700000,0x00000007b4700000)
  from space 89088K, 0% used [0x00000007b4700000,0x00000007b4700000,0x00000007b9e00000)
  to   space 88064K, 0% used [0x00000007ba380000,0x00000007ba380000,0x00000007bf980000)
 ParOldGen       total 483328K, used 185799K [0x0000000760000000, 0x000000077d800000, 0x00000007a0000000)
  object space 483328K, 38% used [0x0000000760000000,0x000000076b571cc0,0x000000077d800000)
 Metaspace       used 130328K, capacity 140294K, committed 162520K, reserved 1191936K
  class space    used 16006K, capacity 18230K, committed 20992K, reserved 1048576K
Event: 23305.664 GC heap after
Heap after GC invocations=216 (full 22):
 PSYoungGen      total 404480K, used 85835K [0x00000007a0000000, 0x00000007c0000000, 0x00000007c0000000)
  eden space 316416K, 0% used [0x00000007a0000000,0x00000007a0000000,0x00000007b3500000)
  from space 88064K, 97% used [0x00000007ba380000,0x00000007bf752d00,0x00000007bf980000)
  to   space 103936K, 0% used [0x00000007b3500000,0x00000007b3500000,0x00000007b9a80000)
 ParOldGen       total 483328K, used 185799K [0x0000000760000000, 0x000000077d800000, 0x00000007a0000000)
  object space 483328K, 38% used [0x0000000760000000,0x000000076b571cc0,0x000000077d800000)
 Metaspace       used 130328K, capacity 140294K, committed 162520K, reserved 1191936K
  class space    used 16006K, capacity 18230K, committed 20992K, reserved 1048576K
}
Event: 23603.463 GC heap before
{Heap before GC invocations=217 (full 22):
 PSYoungGen      total 404480K, used 402251K [0x00000007a0000000, 0x00000007c0000000, 0x00000007c0000000)
  eden space 316416K, 100% used [0x00000007a0000000,0x00000007b3500000,0x00000007b3500000)
  from space 88064K, 97% used [0x00000007ba380000,0x00000007bf752d00,0x00000007bf980000)
  to   space 103936K, 0% used [0x00000007b3500000,0x00000007b3500000,0x00000007b9a80000)
 ParOldGen       total 483328K, used 185799K [0x0000000760000000, 0x000000077d800000, 0x00000007a0000000)
  object space 483328K, 38% used [0x0000000760000000,0x000000076b571cc0,0x000000077d800000)
 Metaspace       used 130413K, capacity 140448K, committed 162520K, reserved 1191936K
  class space    used 16025K, capacity 18280K, committed 20992K, reserved 1048576K
Event: 23603.828 GC heap after
Heap after GC invocations=217 (full 22):
 PSYoungGen      total 420352K, used 11827K [0x00000007a0000000, 0x00000007c0000000, 0x00000007c0000000)
  eden space 316416K, 0% used [0x00000007a0000000,0x00000007a0000000,0x00000007b3500000)
  from space 103936K, 11% used [0x00000007b3500000,0x00000007b408cc50,0x00000007b9a80000)
  to   space 100352K, 0% used [0x00000007b9e00000,0x00000007b9e00000,0x00000007c0000000)
 ParOldGen       total 483328K, used 264009K [0x0000000760000000, 0x000000077d800000, 0x00000007a0000000)
  object space 483328K, 54% used [0x0000000760000000,0x00000007701d2540,0x000000077d800000)
 Metaspace       used 130413K, capacity 140448K, committed 162520K, reserved 1191936K
  class space    used 16025K, capacity 18280K, committed 20992K, reserved 1048576K
}

